Script started on Sun Apr 15 22:21:10 2012
ix$ java -cp .:java-cup-11a-runtime.jar PL0ParsST < quotrem.pl0
Source Program
--------------

var q, r, x, y;
begin
    x := 32; y := 5;
    q := 0; r := x;
    while r >= y do begin
        q := q + 1; 
        r := r - y
    end
end.

Identifier Table for main
-------------------------

Id Category
-- --------
q  variable 
r  variable 
x  variable 
y  variable 
ix$ java -cp .:java-cup-11a-runtime.jar PL0ParsST < proc.pl0
Source Program
--------------

const c = 10;
var x;
procedure p; 
  const x = 20; 
  var y; 
  begin 
  end;
begin 
end.

Identifier Table for main
-------------------------

Id Category
-- --------
c  constant (10)
p  procedure
x  variable 

Identifier Table for p
----------------------

Id Category
-- --------
x  constant (20)
y  variable 
ix$ exit
exit

Script done on Sun Apr 15 22:21:43 2012
